[2026-01-01 06:25:19Z INFO HostContext] No proxy settings were found based on environmental variables (http_proxy/https_proxy/HTTP_PROXY/HTTPS_PROXY)
[2026-01-01 06:25:19Z INFO HostContext] Well known directory 'Bin': 'D:\flask-ci-project\flask-ci-project\actions-runner\bin'
[2026-01-01 06:25:19Z INFO HostContext] Well known directory 'Root': 'D:\flask-ci-project\flask-ci-project\actions-runner'
[2026-01-01 06:25:19Z INFO HostContext] Well known config file 'Credentials': 'D:\flask-ci-project\flask-ci-project\actions-runner\.credentials'
[2026-01-01 06:25:19Z INFO HostContext] Well known directory 'Bin': 'D:\flask-ci-project\flask-ci-project\actions-runner\bin'
[2026-01-01 06:25:19Z INFO HostContext] Well known directory 'Root': 'D:\flask-ci-project\flask-ci-project\actions-runner'
[2026-01-01 06:25:20Z INFO HostContext] Well known config file 'Runner': 'D:\flask-ci-project\flask-ci-project\actions-runner\.runner'
[2026-01-01 06:25:20Z INFO Listener] Runner is built for Windows (X64) - win-x64.
[2026-01-01 06:25:20Z INFO Listener] RuntimeInformation: Microsoft Windows 10.0.19045.
[2026-01-01 06:25:20Z INFO Listener] Version: 2.330.0
[2026-01-01 06:25:20Z INFO Listener] Commit: e2088f1fc730f9e857bec485223b090ef0e3cb87
[2026-01-01 06:25:20Z INFO Listener] Culture: en-US
[2026-01-01 06:25:20Z INFO Listener] UI Culture: en-US
[2026-01-01 06:25:20Z INFO HostContext] Well known directory 'Bin': 'D:\flask-ci-project\flask-ci-project\actions-runner\bin'
[2026-01-01 06:25:20Z INFO HostContext] Well known directory 'Root': 'D:\flask-ci-project\flask-ci-project\actions-runner'
[2026-01-01 06:25:20Z INFO Listener] Validating directory permissions for: 'D:\flask-ci-project\flask-ci-project\actions-runner'
[2026-01-01 06:25:20Z INFO CommandLineParser] Parse
[2026-01-01 06:25:20Z INFO CommandLineParser] Parsing 1 args
[2026-01-01 06:25:20Z INFO CommandLineParser] parsing argument
[2026-01-01 06:25:20Z INFO CommandLineParser] HasArgs: False
[2026-01-01 06:25:20Z INFO CommandLineParser] Adding Command: run
[2026-01-01 06:25:20Z INFO Listener] Arguments parsed
[2026-01-01 06:25:20Z INFO Runner] ExecuteCommand
[2026-01-01 06:25:20Z INFO ConfigurationStore] currentAssemblyLocation: D:\flask-ci-project\flask-ci-project\actions-runner\bin\Runner.Listener.dll
[2026-01-01 06:25:20Z INFO HostContext] Well known directory 'Bin': 'D:\flask-ci-project\flask-ci-project\actions-runner\bin'
[2026-01-01 06:25:20Z INFO ConfigurationStore] binPath: D:\flask-ci-project\flask-ci-project\actions-runner\bin
[2026-01-01 06:25:20Z INFO HostContext] Well known directory 'Bin': 'D:\flask-ci-project\flask-ci-project\actions-runner\bin'
[2026-01-01 06:25:20Z INFO HostContext] Well known directory 'Root': 'D:\flask-ci-project\flask-ci-project\actions-runner'
[2026-01-01 06:25:20Z INFO ConfigurationStore] RootFolder: D:\flask-ci-project\flask-ci-project\actions-runner
[2026-01-01 06:25:20Z INFO HostContext] Well known directory 'Bin': 'D:\flask-ci-project\flask-ci-project\actions-runner\bin'
[2026-01-01 06:25:20Z INFO HostContext] Well known directory 'Root': 'D:\flask-ci-project\flask-ci-project\actions-runner'
[2026-01-01 06:25:20Z INFO HostContext] Well known config file 'Runner': 'D:\flask-ci-project\flask-ci-project\actions-runner\.runner'
[2026-01-01 06:25:20Z INFO ConfigurationStore] ConfigFilePath: D:\flask-ci-project\flask-ci-project\actions-runner\.runner
[2026-01-01 06:25:20Z INFO HostContext] Well known directory 'Bin': 'D:\flask-ci-project\flask-ci-project\actions-runner\bin'
[2026-01-01 06:25:20Z INFO HostContext] Well known directory 'Root': 'D:\flask-ci-project\flask-ci-project\actions-runner'
[2026-01-01 06:25:20Z INFO HostContext] Well known config file 'MigratedRunner': 'D:\flask-ci-project\flask-ci-project\actions-runner\.runner_migrated'
[2026-01-01 06:25:20Z INFO ConfigurationStore] MigratedConfigFilePath: D:\flask-ci-project\flask-ci-project\actions-runner\.runner_migrated
[2026-01-01 06:25:20Z INFO HostContext] Well known directory 'Bin': 'D:\flask-ci-project\flask-ci-project\actions-runner\bin'
[2026-01-01 06:25:20Z INFO HostContext] Well known directory 'Root': 'D:\flask-ci-project\flask-ci-project\actions-runner'
[2026-01-01 06:25:20Z INFO HostContext] Well known config file 'Credentials': 'D:\flask-ci-project\flask-ci-project\actions-runner\.credentials'
[2026-01-01 06:25:20Z INFO ConfigurationStore] CredFilePath: D:\flask-ci-project\flask-ci-project\actions-runner\.credentials
[2026-01-01 06:25:20Z INFO HostContext] Well known directory 'Bin': 'D:\flask-ci-project\flask-ci-project\actions-runner\bin'
[2026-01-01 06:25:20Z INFO HostContext] Well known directory 'Root': 'D:\flask-ci-project\flask-ci-project\actions-runner'
[2026-01-01 06:25:20Z INFO HostContext] Well known config file 'MigratedCredentials': 'D:\flask-ci-project\flask-ci-project\actions-runner\.credentials_migrated'
[2026-01-01 06:25:20Z INFO ConfigurationStore] MigratedCredFilePath: D:\flask-ci-project\flask-ci-project\actions-runner\.credentials_migrated
[2026-01-01 06:25:20Z INFO HostContext] Well known directory 'Bin': 'D:\flask-ci-project\flask-ci-project\actions-runner\bin'
[2026-01-01 06:25:20Z INFO HostContext] Well known directory 'Root': 'D:\flask-ci-project\flask-ci-project\actions-runner'
[2026-01-01 06:25:20Z INFO HostContext] Well known config file 'Service': 'D:\flask-ci-project\flask-ci-project\actions-runner\.service'
[2026-01-01 06:25:20Z INFO ConfigurationStore] ServiceConfigFilePath: D:\flask-ci-project\flask-ci-project\actions-runner\.service
[2026-01-01 06:25:20Z INFO CommandSettings] Flag 'help': 'False'
[2026-01-01 06:25:20Z INFO CommandSettings] Flag 'version': 'False'
[2026-01-01 06:25:20Z INFO CommandSettings] Flag 'commit': 'False'
[2026-01-01 06:25:20Z INFO CommandSettings] Flag 'check': 'False'
[2026-01-01 06:25:20Z INFO CommandSettings] Command 'configure': 'False'
[2026-01-01 06:25:20Z INFO CommandSettings] Command 'remove': 'False'
[2026-01-01 06:25:20Z INFO CommandSettings] Command 'warmup': 'False'
[2026-01-01 06:25:20Z INFO ConfigurationManager] LoadSettings
[2026-01-01 06:25:20Z INFO ConfigurationStore] IsConfigured()
[2026-01-01 06:25:20Z INFO ConfigurationStore] IsConfigured: True
[2026-01-01 06:25:20Z INFO ConfigurationManager] Is configured: True
[2026-01-01 06:25:20Z INFO ConfigurationStore] Read setting file: 394 chars
[2026-01-01 06:25:20Z INFO ConfigurationManager] Settings Loaded
[2026-01-01 06:25:20Z INFO ConfigurationStore] IsServiceConfigured()
[2026-01-01 06:25:20Z INFO ConfigurationStore] IsServiceConfigured: False
[2026-01-01 06:25:20Z INFO CommandSettings] Command 'run': 'True'
[2026-01-01 06:25:20Z INFO ConfigurationStore] IsConfigured()
[2026-01-01 06:25:20Z INFO ConfigurationStore] IsConfigured: True
[2026-01-01 06:25:20Z INFO ConfigurationManager] Is configured: True
[2026-01-01 06:25:20Z INFO Runner] Could not parse the argument value '' for StartupType. Defaulting to Manual
[2026-01-01 06:25:20Z INFO Runner] Set runner startup type - Manual
[2026-01-01 06:25:20Z INFO CommandSettings] Flag 'once': 'False'
[2026-01-01 06:25:20Z INFO CommandSettings] Flag 'once': 'False'
[2026-01-01 06:25:20Z INFO Runner] RunAsync
[2026-01-01 06:25:20Z INFO ConfigurationManager] LoadMigratedSettings
[2026-01-01 06:25:20Z INFO ConfigurationStore] IsMigratedConfigured()
[2026-01-01 06:25:20Z INFO ConfigurationStore] IsMigratedConfigured: False
[2026-01-01 06:25:20Z INFO Runner] Failed to load migrated settings: No migrated configuration found.
[2026-01-01 06:25:20Z INFO Runner] Falling back to original .runner settings
[2026-01-01 06:25:20Z INFO Runner] Using BrokerMessageListener
[2026-01-01 06:25:20Z INFO BrokerMessageListener] Using provided settings
[2026-01-01 06:25:20Z INFO BrokerMessageListener] {
  "AgentId": 2,
  "AgentName": "FC",
  "PoolId": 1,
  "PoolName": "Default",
  "ServerUrl": "https://pipelinesghubeus9.actions.githubusercontent.com/i36C06gK5Hvn5AEnkAuAVH1gGiocNVGGTQ2m0ri6g1RcbO2nYp/",
  "GitHubUrl": "https://github.com/NoorAhmed786/flask-ci-project",
  "WorkFolder": "_work",
  "UseV2Flow": true,
  "ServerUrlV2": "https://broker.actions.githubusercontent.com/"
}
[2026-01-01 06:25:20Z INFO BrokerMessageListener] Loading Credentials
[2026-01-01 06:25:20Z INFO ConfigurationStore] HasCredentials()
[2026-01-01 06:25:20Z INFO ConfigurationStore] stored True
[2026-01-01 06:25:20Z INFO CredentialManager] GetCredentialProvider
[2026-01-01 06:25:20Z INFO CredentialManager] Creating type OAuth
[2026-01-01 06:25:20Z INFO CredentialManager] Creating credential type: OAuth
[2026-01-01 06:25:20Z INFO HostContext] Well known directory 'Bin': 'D:\flask-ci-project\flask-ci-project\actions-runner\bin'
[2026-01-01 06:25:20Z INFO HostContext] Well known directory 'Root': 'D:\flask-ci-project\flask-ci-project\actions-runner'
[2026-01-01 06:25:20Z INFO HostContext] Well known config file 'RSACredentials': 'D:\flask-ci-project\flask-ci-project\actions-runner\.credentials_rsaparams'
[2026-01-01 06:25:20Z INFO RSAEncryptedFileKeyManager] Loading RSA key parameters from file D:\flask-ci-project\flask-ci-project\actions-runner\.credentials_rsaparams
[2026-01-01 06:25:20Z INFO BrokerMessageListener] Attempt to create session.
[2026-01-01 06:25:20Z INFO BrokerMessageListener] Connecting to the Broker Server...
[2026-01-01 06:25:20Z INFO ConfigurationStore] HasCredentials()
[2026-01-01 06:25:20Z INFO ConfigurationStore] stored True
[2026-01-01 06:25:20Z INFO CredentialManager] GetCredentialProvider
[2026-01-01 06:25:20Z INFO CredentialManager] Creating type OAuth
[2026-01-01 06:25:20Z INFO CredentialManager] Creating credential type: OAuth
[2026-01-01 06:25:20Z INFO RSAEncryptedFileKeyManager] Loading RSA key parameters from file D:\flask-ci-project\flask-ci-project\actions-runner\.credentials_rsaparams
[2026-01-01 06:25:20Z INFO BrokerMessageListener] VssConnection created
[2026-01-01 06:25:20Z INFO BrokerMessageListener] Connecting to the Runner server...
[2026-01-01 06:25:20Z INFO RunnerServer] EstablishVssConnection
[2026-01-01 06:25:20Z INFO RunnerServer] Establish connection with 100 seconds timeout.
[2026-01-01 06:25:20Z INFO GitHubActionsService] Starting operation Location.GetConnectionData
[2026-01-01 06:25:20Z INFO RunnerServer] EstablishVssConnection
[2026-01-01 06:25:20Z INFO RunnerServer] Establish connection with 60 seconds timeout.
[2026-01-01 06:25:20Z INFO GitHubActionsService] Starting operation Location.GetConnectionData
[2026-01-01 06:25:20Z INFO RunnerServer] EstablishVssConnection
[2026-01-01 06:25:20Z INFO RunnerServer] Establish connection with 60 seconds timeout.
[2026-01-01 06:25:20Z INFO GitHubActionsService] Starting operation Location.GetConnectionData
[2026-01-01 06:25:21Z INFO GitHubActionsService] Finished operation Location.GetConnectionData
[2026-01-01 06:25:21Z INFO GitHubActionsService] Finished operation Location.GetConnectionData
[2026-01-01 06:25:21Z INFO GitHubActionsService] Finished operation Location.GetConnectionData
[2026-01-01 06:25:21Z INFO BrokerMessageListener] VssConnection created
[2026-01-01 06:25:21Z INFO Terminal] WRITE LINE: 
[2026-01-01 06:25:21Z INFO Terminal] WRITE LINE: 
[2026-01-01 06:25:21Z INFO RSAEncryptedFileKeyManager] Loading RSA key parameters from file D:\flask-ci-project\flask-ci-project\actions-runner\.credentials_rsaparams
[2026-01-01 06:25:21Z INFO RSAEncryptedFileKeyManager] Loading RSA key parameters from file D:\flask-ci-project\flask-ci-project\actions-runner\.credentials_rsaparams
[2026-01-01 06:25:22Z INFO GitHubActionsService] AAD Correlation ID for this token request: Unknown
[2026-01-01 06:25:24Z INFO BrokerMessageListener] Session created.
[2026-01-01 06:25:24Z INFO Terminal] WRITE LINE: Current runner version: '2.330.0'
[2026-01-01 06:25:24Z INFO Terminal] WRITE LINE: 2026-01-01 06:25:24Z: Listening for Jobs
[2026-01-01 06:25:24Z INFO JobDispatcher] Set runner/worker IPC timeout to 30 seconds.
